e:\kursova\x64\debug\vc142.pdb
e:\kursova\x64\debug\.netframework,version=v4.7.2.assemblyattributes.obj
e:\kursova\x64\debug\winlsd.obj
e:\kursova\x64\debug\myform1.obj
e:\kursova\x64\debug\myform.obj
e:\kursova\x64\debug\helpwindow.obj
e:\kursova\x64\debug\kursovaya.helpwindow.resources
e:\kursova\x64\debug\kursovaya.myform.resources
e:\kursova\x64\debug\kursovaya.myform1.resources
e:\kursova\x64\debug\kursovaya.winlsd.resources
e:\kursova\x64\debug\kursovaya.exe
e:\kursova\x64\debug\kursovaya.pdb
e:\kursova\x64\debug\kursovaya.vcxprojassemblyreference.cache
e:\kursova\x64\debug\kursovaya.exe.metagen
e:\kursova\x64\debug\kursovaya.tlog\cl.command.1.tlog
e:\kursova\x64\debug\kursovaya.tlog\cl.read.1.tlog
e:\kursova\x64\debug\kursovaya.tlog\cl.write.1.tlog
e:\kursova\x64\debug\kursovaya.tlog\kursovaya.write.1u.tlog
e:\kursova\x64\debug\kursovaya.tlog\link.command.1.tlog
e:\kursova\x64\debug\kursovaya.tlog\link.read.1.tlog
e:\kursova\x64\debug\kursovaya.tlog\link.write.1.tlog
e:\kursova\x64\debug\kursovaya.tlog\metagen.read.1.tlog
e:\kursova\x64\debug\kursovaya.tlog\metagen.write.1.tlog
